<?xml version="1.0" encoding="UTF-8"?>
<!-- Generated by org.testng.reporters.JUnitReportReporter -->
<testsuite hostname="Laptop" failures="0" tests="1" name="testCases.JavascriptAlertTest" time="3.669" errors="0" timestamp="2025-04-12T01:56:17 IST" skipped="0">
  <testcase classname="testCases.JavascriptAlertTest" name="alertTest" time="3.669"/>
</testsuite> <!-- testCases.JavascriptAlertTest -->
