<?xml version="1.0" encoding="UTF-8"?>
<!-- Generated by org.testng.reporters.JUnitReportReporter -->
<testsuite hostname="Laptop" failures="0" tests="1" name="testCases.JavascriptAlertTest" time="4.684" errors="0" timestamp="2025-04-12T16:30:49 IST" skipped="0">
  <testcase classname="testCases.JavascriptAlertTest" name="alertTest" time="4.684"/>
</testsuite> <!-- testCases.JavascriptAlertTest -->
