<?xml version="1.0" encoding="UTF-8"?>
<!-- Generated by org.testng.reporters.JUnitReportReporter -->
<testsuite hostname="Laptop" failures="0" tests="4" name="testCases.LoginTest" time="38.615" errors="0" timestamp="2025-04-12T01:56:17 IST" skipped="0">
  <testcase classname="testCases.LoginTest" name="loginTest" time="14.959"/>
  <testcase classname="testCases.LoginTest" name="loginTest" time="2.082"/>
  <testcase classname="testCases.LoginTest" name="loginTest" time="10.792"/>
  <testcase classname="testCases.LoginTest" name="loginTest" time="10.782"/>
</testsuite> <!-- testCases.LoginTest -->
